<?xml version="1.0" encoding="UTF-8"?>
<!-- Generated by org.testng.reporters.JUnitXMLReporter -->
<testsuite hostname="C-HIT-PF12T8HV" name="Create deck of cards API Tests" tests="2" failures="0" timestamp="8 Feb 2021 14:15:38 GMT" time="3.896" errors="0">
  <testcase name="CreateDeckofcardsTC001" time="2.303" classname="deckofcards.testsuites.Createdeckofcardstestsuite"/>
  <testcase name="CreateDeckofcardsTC002" time="1.154" classname="deckofcards.testsuites.Createdeckofcardstestsuite"/>
</testsuite> <!-- Create deck of cards API Tests -->
