<?xml version="1.0" encoding="UTF-8"?>
<testng-results skipped="0" failed="0" total="3" passed="3">
  <reporter-output>
  </reporter-output>
  <suite name="CreateDeckofCards" duration-ms="4796" started-at="2021-02-08T14:15:34Z" finished-at="2021-02-08T14:15:39Z">
    <groups>
    </groups>
    <test name="Create deck of cards API Tests" duration-ms="3896" started-at="2021-02-08T14:15:34Z" finished-at="2021-02-08T14:15:38Z">
      <class name="deckofcards.testsuites.Createdeckofcardstestsuite">
        <test-method status="PASS" signature="beforeClass(org.testng.ITestContext)[pri:0, instance:deckofcards.testsuites.Createdeckofcardstestsuite@57fffcd7]" name="beforeClass" is-config="true" duration-ms="8" started-at="2021-02-08T09:15:34Z" finished-at="2021-02-08T09:15:34Z">
          <params>
            <param index="0">
              <value>
                <![CDATA[org.testng.TestRunner@3bde62ff]]>
              </value>
            </param>
          </params>
          <reporter-output>
          </reporter-output>
        </test-method> <!-- beforeClass -->
        <test-method status="PASS" signature="beforeMethod(org.testng.ITestContext, java.lang.reflect.Method)[pri:0, instance:deckofcards.testsuites.Createdeckofcardstestsuite@57fffcd7]" name="beforeMethod" is-config="true" duration-ms="202" started-at="2021-02-08T09:15:34Z" finished-at="2021-02-08T09:15:34Z">
          <params>
            <param index="0">
              <value>
                <![CDATA[org.testng.TestRunner@3bde62ff]]>
              </value>
            </param>
            <param index="1">
              <value>
                <![CDATA[public void deckofcards.testsuites.Createdeckofcardstestsuite.CreateDeckofcardsTC001() throws java.lang.Exception]]>
              </value>
            </param>
          </params>
          <reporter-output>
          </reporter-output>
        </test-method> <!-- beforeMethod -->
        <test-method status="PASS" signature="CreateDeckofcardsTC001()[pri:0, instance:deckofcards.testsuites.Createdeckofcardstestsuite@57fffcd7]" name="CreateDeckofcardsTC001" duration-ms="2303" started-at="2021-02-08T09:15:34Z" finished-at="2021-02-08T09:15:36Z">
          <reporter-output>
          </reporter-output>
        </test-method> <!-- CreateDeckofcardsTC001 -->
        <test-method status="PASS" signature="beforeMethod(org.testng.ITestContext, java.lang.reflect.Method)[pri:0, instance:deckofcards.testsuites.Createdeckofcardstestsuite@57fffcd7]" name="beforeMethod" is-config="true" duration-ms="214" started-at="2021-02-08T09:15:36Z" finished-at="2021-02-08T09:15:37Z">
          <params>
            <param index="0">
              <value>
                <![CDATA[org.testng.TestRunner@3bde62ff]]>
              </value>
            </param>
            <param index="1">
              <value>
                <![CDATA[public void deckofcards.testsuites.Createdeckofcardstestsuite.CreateDeckofcardsTC002() throws java.lang.Exception]]>
              </value>
            </param>
          </params>
          <reporter-output>
          </reporter-output>
        </test-method> <!-- beforeMethod -->
        <test-method status="PASS" signature="CreateDeckofcardsTC002()[pri:0, instance:deckofcards.testsuites.Createdeckofcardstestsuite@57fffcd7]" name="CreateDeckofcardsTC002" duration-ms="1154" started-at="2021-02-08T09:15:37Z" finished-at="2021-02-08T09:15:38Z">
          <reporter-output>
          </reporter-output>
        </test-method> <!-- CreateDeckofcardsTC002 -->
      </class> <!-- deckofcards.testsuites.Createdeckofcardstestsuite -->
    </test> <!-- Create deck of cards API Tests -->
    <test name="Draw deck of cards API Tests" duration-ms="869" started-at="2021-02-08T14:15:38Z" finished-at="2021-02-08T14:15:39Z">
      <class name="deckofcards.testsuites.Drawdeckofcardstestsuite">
        <test-method status="PASS" signature="beforeClass(org.testng.ITestContext)[pri:0, instance:deckofcards.testsuites.Drawdeckofcardstestsuite@ff5b51f]" name="beforeClass" is-config="true" duration-ms="1" started-at="2021-02-08T09:15:38Z" finished-at="2021-02-08T09:15:38Z">
          <params>
            <param index="0">
              <value>
                <![CDATA[org.testng.TestRunner@523424b5]]>
              </value>
            </param>
          </params>
          <reporter-output>
          </reporter-output>
        </test-method> <!-- beforeClass -->
        <test-method status="PASS" signature="beforeMethod(org.testng.ITestContext, java.lang.reflect.Method)[pri:0, instance:deckofcards.testsuites.Drawdeckofcardstestsuite@ff5b51f]" name="beforeMethod" is-config="true" duration-ms="213" started-at="2021-02-08T09:15:38Z" finished-at="2021-02-08T09:15:38Z">
          <params>
            <param index="0">
              <value>
                <![CDATA[org.testng.TestRunner@523424b5]]>
              </value>
            </param>
            <param index="1">
              <value>
                <![CDATA[public void deckofcards.testsuites.Drawdeckofcardstestsuite.drawDeckofcardsTC001() throws java.lang.Exception]]>
              </value>
            </param>
          </params>
          <reporter-output>
          </reporter-output>
        </test-method> <!-- beforeMethod -->
        <test-method status="PASS" signature="drawDeckofcardsTC001()[pri:0, instance:deckofcards.testsuites.Drawdeckofcardstestsuite@ff5b51f]" name="drawDeckofcardsTC001" duration-ms="655" started-at="2021-02-08T09:15:38Z" finished-at="2021-02-08T09:15:39Z">
          <reporter-output>
          </reporter-output>
        </test-method> <!-- drawDeckofcardsTC001 -->
      </class> <!-- deckofcards.testsuites.Drawdeckofcardstestsuite -->
    </test> <!-- Draw deck of cards API Tests -->
  </suite> <!-- CreateDeckofCards -->
</testng-results>
