<?xml version="1.0" encoding="UTF-8"?>
<testsuite xmlns:xsi="http://www.w3.org/2001/XMLSchema-instance" xsi:noNamespaceSchemaLocation="https://maven.apache.org/surefire/maven-surefire-plugin/xsd/surefire-test-report.xsd" name="TestSuite" time="5.535" tests="3" errors="0" skipped="0" failures="0">
  <properties>
[...]
</properties>
  <testcase name="CreateDeckofcardsTC001" classname="deckofcards.testsuites.Createdeckofcardstestsuite" time="2.331"/>
  <testcase name="CreateDeckofcardsTC002" classname="deckofcards.testsuites.Createdeckofcardstestsuite" time="1.196"/>
  <testcase name="drawDeckofcardsTC001" classname="deckofcards.testsuites.Drawdeckofcardstestsuite" time="0.735"/>
</testsuite>